<?xml version="1.0" encoding="UTF-8"?>
<robot generator="Robot 3.2.2 (Python 3.9.10 on darwin)" generated="20220403 15:33:06.092" rpa="false">
<suite id="s1" name="Tests" source="/Users/parkee/Downloads/chris/AutomationRobot/Brick-Task-2/Brick/Tests">
<suite id="s1-s1" name="01 Auto Register" source="/Users/parkee/Downloads/chris/AutomationRobot/Brick-Task-2/Brick/Tests/01_auto_register.robot">
<test id="s1-s1-t1" name="Valid Register">
<kw name="Open Browser To Sign Up Page" library="register_res">
<kw name="Open Browser" library="Selenium2Library">
<doc>Opens a new browser instance to the optional ``url``.</doc>
<arguments>
<arg>${SIGNUP_URL}</arg>
<arg>${BROWSER}</arg>
</arguments>
<msg timestamp="20220403 15:33:06.346" level="INFO">Opening browser 'Chrome' to base url 'https://brick-qa-assignment.herokuapp.com/'.</msg>
<status status="PASS" starttime="20220403 15:33:06.346" endtime="20220403 15:33:14.946"></status>
</kw>
<kw name="Maximize Browser Window" library="Selenium2Library">
<doc>Maximizes current browser window.</doc>
<status status="PASS" starttime="20220403 15:33:14.947" endtime="20220403 15:33:15.081"></status>
</kw>
<kw name="Set Selenium Speed" library="Selenium2Library">
<doc>Sets the delay that is waited after each Selenium command.</doc>
<arguments>
<arg>${DELAY}</arg>
</arguments>
<status status="PASS" starttime="20220403 15:33:15.081" endtime="20220403 15:33:15.081"></status>
</kw>
<kw name="Register Page Should be Open" library="register_res">
<kw name="Title Should Be" library="Selenium2Library">
<doc>Verifies that the current page title equals ``title``.</doc>
<arguments>
<arg>Brick Sign Up Form</arg>
</arguments>
<msg timestamp="20220403 15:33:15.091" level="INFO">Page title is 'Brick Sign Up Form'.</msg>
<status status="PASS" starttime="20220403 15:33:15.082" endtime="20220403 15:33:15.091"></status>
</kw>
<status status="PASS" starttime="20220403 15:33:15.082" endtime="20220403 15:33:15.091"></status>
</kw>
<status status="PASS" starttime="20220403 15:33:06.345" endtime="20220403 15:33:15.091"></status>
</kw>
<kw name="Input All Data" library="register_res">
<kw name="Input First Name" library="register_res">
<kw name="Input Text" library="Selenium2Library">
<doc>Types the given ``text`` into the text field identified by ``locator``.</doc>
<arguments>
<arg>${FIRST_NAME}</arg>
<arg>Anastasia</arg>
</arguments>
<msg timestamp="20220403 15:33:15.097" level="INFO">Typing text 'Anastasia' into text field '//*[@id="firstName"]'.</msg>
<status status="PASS" starttime="20220403 15:33:15.096" endtime="20220403 15:33:15.244"></status>
</kw>
<status status="PASS" starttime="20220403 15:33:15.096" endtime="20220403 15:33:15.244"></status>
</kw>
<kw name="Input Last Name" library="register_res">
<kw name="Input Text" library="Selenium2Library">
<doc>Types the given ``text`` into the text field identified by ``locator``.</doc>
<arguments>
<arg>${LAST_NAME}</arg>
<arg>Emily</arg>
</arguments>
<msg timestamp="20220403 15:33:15.245" level="INFO">Typing text 'Emily' into text field '//*[@id="lastName"]'.</msg>
<status status="PASS" starttime="20220403 15:33:15.245" endtime="20220403 15:33:15.308"></status>
</kw>
<status status="PASS" starttime="20220403 15:33:15.244" endtime="20220403 15:33:15.309"></status>
</kw>
<kw name="Input Email" library="register_res">
<kw name="Input Text" library="Selenium2Library">
<doc>Types the given ``text`` into the text field identified by ``locator``.</doc>
<arguments>
<arg>${EMAIL}</arg>
<arg>${valid_user}</arg>
</arguments>
<msg timestamp="20220403 15:33:15.309" level="INFO">Typing text 'anas_em2@g.co' into text field '//*[@id="email"]'.</msg>
<status status="PASS" starttime="20220403 15:33:15.309" endtime="20220403 15:33:15.377"></status>
</kw>
<status status="PASS" starttime="20220403 15:33:15.309" endtime="20220403 15:33:15.377"></status>
</kw>
<kw name="Input Phone Number" library="register_res">
<kw name="Input Text" library="Selenium2Library">
<doc>Types the given ``text`` into the text field identified by ``locator``.</doc>
<arguments>
<arg>${PHONE_NUMBER}</arg>
<arg>+6212345678901</arg>
</arguments>
<msg timestamp="20220403 15:33:15.378" level="INFO">Typing text '+6212345678901' into text field '//*[@id="phoneNumber"]'.</msg>
<status status="PASS" starttime="20220403 15:33:15.378" endtime="20220403 15:33:15.453"></status>
</kw>
<status status="PASS" starttime="20220403 15:33:15.377" endtime="20220403 15:33:15.453"></status>
</kw>
<kw name="Input Address" library="register_res">
<kw name="Input Text" library="Selenium2Library">
<doc>Types the given ``text`` into the text field identified by ``locator``.</doc>
<arguments>
<arg>${ADDRESS}</arg>
<arg>Jakarta</arg>
</arguments>
<msg timestamp="20220403 15:33:15.454" level="INFO">Typing text 'Jakarta' into text field '//*[@id="address"]'.</msg>
<status status="PASS" starttime="20220403 15:33:15.454" endtime="20220403 15:33:15.517"></status>
</kw>
<status status="PASS" starttime="20220403 15:33:15.453" endtime="20220403 15:33:15.517"></status>
</kw>
<kw name="Input Password" library="register_res">
<kw name="Input Text" library="Selenium2Library">
<doc>Types the given ``text`` into the text field identified by ``locator``.</doc>
<arguments>
<arg>${PASSWORD}</arg>
<arg>${VALID_PASSWORD}</arg>
</arguments>
<msg timestamp="20220403 15:33:15.518" level="INFO">Typing text '123456' into text field '//*[@id="password"]'.</msg>
<status status="PASS" starttime="20220403 15:33:15.517" endtime="20220403 15:33:15.579"></status>
</kw>
<status status="PASS" starttime="20220403 15:33:15.517" endtime="20220403 15:33:15.579"></status>
</kw>
<kw name="Input Confirm Password" library="register_res">
<kw name="Input Text" library="Selenium2Library">
<doc>Types the given ``text`` into the text field identified by ``locator``.</doc>
<arguments>
<arg>${CONFIRM_PASSWORD}</arg>
<arg>${VALID_PASSWORD}</arg>
</arguments>
<msg timestamp="20220403 15:33:15.579" level="INFO">Typing text '123456' into text field '//*[@id="confirm_password"]'.</msg>
<status status="PASS" starttime="20220403 15:33:15.579" endtime="20220403 15:33:15.663"></status>
</kw>
<status status="PASS" starttime="20220403 15:33:15.579" endtime="20220403 15:33:15.663"></status>
</kw>
<status status="PASS" starttime="20220403 15:33:15.092" endtime="20220403 15:33:15.664"></status>
</kw>
<kw name="Submit Credentials" library="register_res">
<kw name="Click Button" library="Selenium2Library">
<doc>Clicks the button identified by ``locator``.</doc>
<arguments>
<arg>${REGISTER_BUTTON}</arg>
</arguments>
<msg timestamp="20220403 15:33:15.664" level="INFO">Clicking button '//*[@id="myform"]/div[7]/input'.</msg>
<status status="PASS" starttime="20220403 15:33:15.664" endtime="20220403 15:33:16.756"></status>
</kw>
<status status="PASS" starttime="20220403 15:33:15.664" endtime="20220403 15:33:16.756"></status>
</kw>
<kw name="Show Success Box" library="register_res">
<kw name="Wait Until Element Is Visible" library="Selenium2Library">
<doc>Waits until the element ``locator`` is visible.</doc>
<arguments>
<arg>${SUCCESS_BOX}</arg>
</arguments>
<status status="PASS" starttime="20220403 15:33:16.757" endtime="20220403 15:33:16.805"></status>
</kw>
<kw name="Element Text Should Be" library="Selenium2Library">
<doc>Verifies that element ``locator`` contains exact the text ``expected``.</doc>
<arguments>
<arg>${SUCCESS_BOX}</arg>
<arg>Success</arg>
</arguments>
<msg timestamp="20220403 15:33:16.805" level="INFO">Verifying element '//*[@id="swal2-title"]' contains exact text 'Success'.</msg>
<status status="PASS" starttime="20220403 15:33:16.805" endtime="20220403 15:33:16.837"></status>
</kw>
<status status="PASS" starttime="20220403 15:33:16.757" endtime="20220403 15:33:16.838"></status>
</kw>
<kw name="Click OK on Success Box" library="register_res">
<kw name="Click Button" library="Selenium2Library">
<doc>Clicks the button identified by ``locator``.</doc>
<arguments>
<arg>${SUCCESS_BOX_OK_BUTTON}</arg>
</arguments>
<msg timestamp="20220403 15:33:16.839" level="INFO">Clicking button '//*[@type="button" and text()="OK"]'.</msg>
<status status="PASS" starttime="20220403 15:33:16.839" endtime="20220403 15:33:16.921"></status>
</kw>
<status status="PASS" starttime="20220403 15:33:16.838" endtime="20220403 15:33:16.922"></status>
</kw>
<kw name="Close Browser" library="Selenium2Library" type="teardown">
<doc>Closes the current browser.</doc>
<status status="PASS" starttime="20220403 15:33:16.922" endtime="20220403 15:33:17.006"></status>
</kw>
<status status="PASS" starttime="20220403 15:33:06.345" endtime="20220403 15:33:17.007" critical="yes"></status>
</test>
<status status="PASS" starttime="20220403 15:33:06.118" endtime="20220403 15:33:17.010"></status>
</suite>
<suite id="s1-s2" name="02 Auto Login" source="/Users/parkee/Downloads/chris/AutomationRobot/Brick-Task-2/Brick/Tests/02_auto_login.robot">
<test id="s1-s2-t1" name="Valid Login">
<kw name="Open Browser To Sign Up Page" library="register_res">
<kw name="Open Browser" library="Selenium2Library">
<doc>Opens a new browser instance to the optional ``url``.</doc>
<arguments>
<arg>${SIGNUP_URL}</arg>
<arg>${BROWSER}</arg>
</arguments>
<msg timestamp="20220403 15:33:17.025" level="INFO">Opening browser 'Chrome' to base url 'https://brick-qa-assignment.herokuapp.com/'.</msg>
<status status="PASS" starttime="20220403 15:33:17.025" endtime="20220403 15:33:24.129"></status>
</kw>
<kw name="Maximize Browser Window" library="Selenium2Library">
<doc>Maximizes current browser window.</doc>
<status status="PASS" starttime="20220403 15:33:24.129" endtime="20220403 15:33:24.269"></status>
</kw>
<kw name="Set Selenium Speed" library="Selenium2Library">
<doc>Sets the delay that is waited after each Selenium command.</doc>
<arguments>
<arg>${DELAY}</arg>
</arguments>
<status status="PASS" starttime="20220403 15:33:24.269" endtime="20220403 15:33:24.269"></status>
</kw>
<kw name="Register Page Should be Open" library="register_res">
<kw name="Title Should Be" library="Selenium2Library">
<doc>Verifies that the current page title equals ``title``.</doc>
<arguments>
<arg>Brick Sign Up Form</arg>
</arguments>
<msg timestamp="20220403 15:33:24.273" level="INFO">Page title is 'Brick Sign Up Form'.</msg>
<status status="PASS" starttime="20220403 15:33:24.270" endtime="20220403 15:33:24.273"></status>
</kw>
<status status="PASS" starttime="20220403 15:33:24.269" endtime="20220403 15:33:24.273"></status>
</kw>
<status status="PASS" starttime="20220403 15:33:17.024" endtime="20220403 15:33:24.273"></status>
</kw>
<kw name="Open Login Page" library="login_res">
<kw name="Click Element" library="Selenium2Library">
<doc>Click the element identified by ``locator``.</doc>
<arguments>
<arg>${LOGIN_PAGE}</arg>
</arguments>
<msg timestamp="20220403 15:33:24.274" level="INFO">Clicking element '//*[@id="myform"]/div[7]/p/a'.</msg>
<status status="PASS" starttime="20220403 15:33:24.274" endtime="20220403 15:33:25.115"></status>
</kw>
<kw name="Login Page Should be Open" library="login_res">
<kw name="Title Should Be" library="Selenium2Library">
<doc>Verifies that the current page title equals ``title``.</doc>
<arguments>
<arg>Login</arg>
</arguments>
<msg timestamp="20220403 15:33:25.119" level="INFO">Page title is 'Login'.</msg>
<status status="PASS" starttime="20220403 15:33:25.116" endtime="20220403 15:33:25.119"></status>
</kw>
<status status="PASS" starttime="20220403 15:33:25.115" endtime="20220403 15:33:25.119"></status>
</kw>
<status status="PASS" starttime="20220403 15:33:24.274" endtime="20220403 15:33:25.119"></status>
</kw>
<kw name="Input Email/Username" library="login_res">
<kw name="Input Text" library="Selenium2Library">
<doc>Types the given ``text`` into the text field identified by ``locator``.</doc>
<arguments>
<arg>${EMAIL_OR_USERNAME}</arg>
<arg>${VALID_USER}</arg>
</arguments>
<msg timestamp="20220403 15:33:25.120" level="INFO">Typing text 'anas_em2@g.co' into text field '//*[@id="your_email"]'.</msg>
<status status="PASS" starttime="20220403 15:33:25.120" endtime="20220403 15:33:25.235"></status>
</kw>
<status status="PASS" starttime="20220403 15:33:25.119" endtime="20220403 15:33:25.235"></status>
</kw>
<kw name="Input Login Password" library="login_res">
<kw name="Input Text" library="Selenium2Library">
<doc>Types the given ``text`` into the text field identified by ``locator``.</doc>
<arguments>
<arg>${LOGIN_PASSWORD}</arg>
<arg>${VALID_PASSWORD}</arg>
</arguments>
<msg timestamp="20220403 15:33:25.236" level="INFO">Typing text '123456' into text field '//*[@id="password"]'.</msg>
<status status="PASS" starttime="20220403 15:33:25.236" endtime="20220403 15:33:25.297"></status>
</kw>
<status status="PASS" starttime="20220403 15:33:25.235" endtime="20220403 15:33:25.297"></status>
</kw>
<kw name="Submit Login Credentials" library="login_res">
<kw name="Click Button" library="Selenium2Library">
<doc>Clicks the button identified by ``locator``.</doc>
<arguments>
<arg>${LOGIN_BUTTON}</arg>
</arguments>
<msg timestamp="20220403 15:33:25.298" level="INFO">Clicking button '//*[@id="myform"]/div[3]/input'.</msg>
<status status="PASS" starttime="20220403 15:33:25.297" endtime="20220403 15:33:30.000"></status>
</kw>
<status status="PASS" starttime="20220403 15:33:25.297" endtime="20220403 15:33:30.000"></status>
</kw>
<kw name="Show Success Box" library="register_res">
<kw name="Wait Until Element Is Visible" library="Selenium2Library">
<doc>Waits until the element ``locator`` is visible.</doc>
<arguments>
<arg>${SUCCESS_BOX}</arg>
</arguments>
<status status="PASS" starttime="20220403 15:33:30.001" endtime="20220403 15:33:30.028"></status>
</kw>
<kw name="Element Text Should Be" library="Selenium2Library">
<doc>Verifies that element ``locator`` contains exact the text ``expected``.</doc>
<arguments>
<arg>${SUCCESS_BOX}</arg>
<arg>Success</arg>
</arguments>
<msg timestamp="20220403 15:33:30.028" level="INFO">Verifying element '//*[@id="swal2-title"]' contains exact text 'Success'.</msg>
<status status="PASS" starttime="20220403 15:33:30.028" endtime="20220403 15:33:30.066"></status>
</kw>
<status status="PASS" starttime="20220403 15:33:30.000" endtime="20220403 15:33:30.066"></status>
</kw>
<kw name="Click OK on Success Box" library="register_res">
<kw name="Click Button" library="Selenium2Library">
<doc>Clicks the button identified by ``locator``.</doc>
<arguments>
<arg>${SUCCESS_BOX_OK_BUTTON}</arg>
</arguments>
<msg timestamp="20220403 15:33:30.067" level="INFO">Clicking button '//*[@type="button" and text()="OK"]'.</msg>
<status status="PASS" starttime="20220403 15:33:30.067" endtime="20220403 15:33:30.143"></status>
</kw>
<status status="PASS" starttime="20220403 15:33:30.066" endtime="20220403 15:33:30.143"></status>
</kw>
<kw name="Dashboard Brick Should be Open" library="login_res">
<kw name="Title Should Be" library="Selenium2Library">
<doc>Verifies that the current page title equals ``title``.</doc>
<arguments>
<arg>Brick Dashboard</arg>
</arguments>
<msg timestamp="20220403 15:33:30.146" level="INFO">Page title is 'Brick Dashboard'.</msg>
<status status="PASS" starttime="20220403 15:33:30.143" endtime="20220403 15:33:30.147"></status>
</kw>
<status status="PASS" starttime="20220403 15:33:30.143" endtime="20220403 15:33:30.147"></status>
</kw>
<kw name="Close Browser" library="Selenium2Library" type="teardown">
<doc>Closes the current browser.</doc>
<status status="PASS" starttime="20220403 15:33:30.147" endtime="20220403 15:33:30.230"></status>
</kw>
<status status="PASS" starttime="20220403 15:33:17.024" endtime="20220403 15:33:30.230" critical="yes"></status>
</test>
<status status="PASS" starttime="20220403 15:33:17.016" endtime="20220403 15:33:30.232"></status>
</suite>
<status status="PASS" starttime="20220403 15:33:06.094" endtime="20220403 15:33:30.239"></status>
</suite>
<statistics>
<total>
<stat pass="2" fail="0">Critical Tests</stat>
<stat pass="2" fail="0">All Tests</stat>
</total>
<tag>
</tag>
<suite>
<stat pass="2" fail="0" id="s1" name="Tests">Tests</stat>
<stat pass="1" fail="0" id="s1-s1" name="01 Auto Register">Tests.01 Auto Register</stat>
<stat pass="1" fail="0" id="s1-s2" name="02 Auto Login">Tests.02 Auto Login</stat>
</suite>
</statistics>
<errors>
</errors>
</robot>
